
/home/runner/work/exp-interface-management-dei/exp-interface-management-dei/experiment/simulation/js/app.js
  51:32  warning  'DataStore' is not defined          no-undef
  54:32  warning  'LogEngine' is not defined          no-undef
  57:32  warning  'NFManager' is not defined          no-undef
  60:40  warning  'ConnectionManager' is not defined  no-undef
  63:33  warning  'BusManager' is not defined         no-undef
  66:34  warning  'PingManager' is not defined        no-undef
  69:39  warning  'InterfaceManager' is not defined   no-undef
  77:37  warning  'CanvasRenderer' is not defined     no-undef
  80:35  warning  'UIController' is not defined       no-undef

/home/runner/work/exp-interface-management-dei/exp-interface-management-dei/experiment/simulation/js/bus-manager.js
  8:7  warning  'BusManager' is defined but never used  no-unused-vars

/home/runner/work/exp-interface-management-dei/exp-interface-management-dei/experiment/simulation/js/canvas-renderer.js
   15:7   warning  'CanvasRenderer' is defined but never used  no-unused-vars
  337:11  warning  'size' is assigned a value but never used   no-unused-vars
  591:19  warning  'e' is defined but never used               no-unused-vars

/home/runner/work/exp-interface-management-dei/exp-interface-management-dei/experiment/simulation/js/connection-manager.js
  15:7  warning  'ConnectionManager' is defined but never used  no-unused-vars

/home/runner/work/exp-interface-management-dei/exp-interface-management-dei/experiment/simulation/js/data-store.js
  15:7  warning  'DataStore' is defined but never used  no-unused-vars

/home/runner/work/exp-interface-management-dei/exp-interface-management-dei/experiment/simulation/js/docker.js
   667:15  warning  'ueTypes' is assigned a value but never used      no-unused-vars
   676:23  warning  'existingUEs' is assigned a value but never used  no-unused-vars
   965:29  warning  'index' is defined but never used                 no-unused-vars
  1214:23  warning  'mapped' is assigned a value but never used       no-unused-vars
  1683:25  warning  'terminalModal' is defined but never used         no-unused-vars

/home/runner/work/exp-interface-management-dei/exp-interface-management-dei/experiment/simulation/js/interface-manager.js
  9:7  warning  'InterfaceManager' is defined but never used  no-unused-vars

/home/runner/work/exp-interface-management-dei/exp-interface-management-dei/experiment/simulation/js/log-engine.js
  15:7  warning  'LogEngine' is defined but never used  no-unused-vars

/home/runner/work/exp-interface-management-dei/exp-interface-management-dei/experiment/simulation/js/nf-manager.js
  15:7  warning  'NFManager' is defined but never used  no-unused-vars

/home/runner/work/exp-interface-management-dei/exp-interface-management-dei/experiment/simulation/js/ping-manager.js
   14:7   warning  'PingManager' is defined but never used      no-unused-vars
  413:21  warning  'pingId' is assigned a value but never used  no-unused-vars

/home/runner/work/exp-interface-management-dei/exp-interface-management-dei/experiment/simulation/js/ui-controller.js
     5:7   warning  'UIController' is defined but never used          no-unused-vars
  1026:44  warning  'data' is defined but never used                  no-unused-vars
  1421:15  warning  'nfDef' is assigned a value but never used        no-unused-vars
  1424:15  warning  'defaultName' is assigned a value but never used  no-unused-vars
  1649:36  warning  'nfType' is defined but never used                no-unused-vars

✖ 30 problems (0 errors, 30 warnings)

